{"uuid":"6d736d6e-277a-43a1-8837-6f5cccf32ef9","historyId":"58f9351bb849fb3ae260eed7ce578b99","fullName":"tests.AllTests.checkingTheOperationOfTheProductPage","labels":[{"name":"package","value":"tests.AllTests"},{"name":"testClass","value":"tests.AllTests"},{"name":"testMethod","value":"checkingTheOperationOfTheProductPage"},{"name":"parentSuite","value":"Default Suite"},{"name":"suite","value":"TestTask"},{"name":"subSuite","value":"tests.AllTests"},{"name":"host","value":"DESKTOP-75777E5"},{"name":"thread","value":"13232@DESKTOP-75777E5.main(1)"},{"name":"framework","value":"testng"},{"name":"language","value":"java"},{"name":"owner","value":"Иванов Иван"},{"name":"story","value":"Проверка работы страницы с продуктами пользователя"},{"name":"severity","value":"normal"}],"links":[{"name":"Site: Swag Labs","url":"https://www.saucedemo.com/","type":"custom"}],"name":"checkingTheOperationOfTheProductPage","status":"failed","statusDetails":{"known":false,"muted":false,"flaky":false,"message":"[The number of clicks and items in the shopping cart does not match!] \r\nexpected: 3\r\n but was: 2","trace":"java.lang.AssertionError: [The number of clicks and items in the shopping cart does not match!] \r\nexpected: 3\r\n but was: 2\r\n\tat pages.ProductsPage.pressAllButtonsAddToCart(ProductsPage.java:84)\r\n\tat steps.ProductsSteps.pressAllButtonsForItemsAddToCart(ProductsSteps.java:21)\r\n\tat tests.AllTests.checkingTheOperationOfTheProductPage(AllTests.java:20)\r\n\tat java.base/jdk.internal.reflect.NativeMethodAccessorImpl.invoke0(Native Method)\r\n\tat java.base/jdk.internal.reflect.NativeMethodAccessorImpl.invoke(NativeMethodAccessorImpl.java:77)\r\n\tat java.base/jdk.internal.reflect.DelegatingMethodAccessorImpl.invoke(DelegatingMethodAccessorImpl.java:43)\r\n\tat java.base/java.lang.reflect.Method.invoke(Method.java:568)\r\n\tat org.testng.internal.invokers.MethodInvocationHelper.invokeMethod(MethodInvocationHelper.java:139)\r\n\tat org.testng.internal.invokers.InvokeMethodRunnable.runOne(InvokeMethodRunnable.java:47)\r\n\tat org.testng.internal.invokers.InvokeMethodRunnable.call(InvokeMethodRunnable.java:76)\r\n\tat org.testng.internal.invokers.InvokeMethodRunnable.call(InvokeMethodRunnable.java:11)\r\n\tat java.base/java.util.concurrent.FutureTask.run(FutureTask.java:264)\r\n\tat java.base/java.util.concurrent.ThreadPoolExecutor.runWorker(ThreadPoolExecutor.java:1136)\r\n\tat java.base/java.util.concurrent.ThreadPoolExecutor$Worker.run(ThreadPoolExecutor.java:635)\r\n\tat java.base/java.lang.Thread.run(Thread.java:842)\r\n"},"stage":"finished","steps":[{"name":"Перейти на страницу авторизации","status":"passed","stage":"finished","steps":[],"attachments":[],"parameters":[{"name":"expectedTextFields","value":"[Username, Password]"},{"name":"buttonName","value":"LOGIN"}],"start":1716797270282,"stop":1716797270683},{"name":"Авторизоваться в системе пользователем","status":"passed","stage":"finished","steps":[],"attachments":[],"parameters":[{"name":"login","value":"problem_user"},{"name":"password","value":"secret_sauce"}],"start":1716797270683,"stop":1716797271306},{"name":"Проверить страницу \"PRODUCTS\"","status":"passed","stage":"finished","steps":[],"attachments":[],"parameters":[{"name":"expectedTitle","value":"PRODUCTS"},{"name":"expectedOptionName","value":"Name (A to Z)"},{"name":"expectedButtonName","value":"ADD TO CART"}],"start":1716797271306,"stop":1716797272077},{"name":"Нажать на \"ADD TO CART\" у всех товаров","status":"failed","statusDetails":{"known":false,"muted":false,"flaky":false,"message":"[The number of clicks and items in the shopping cart does not match!] \r\nexpected: 3\r\n but was: 2","trace":"java.lang.AssertionError: [The number of clicks and items in the shopping cart does not match!] \r\nexpected: 3\r\n but was: 2\r\n\tat pages.ProductsPage.pressAllButtonsAddToCart(ProductsPage.java:84)\r\n\tat steps.ProductsSteps.pressAllButtonsForItemsAddToCart(ProductsSteps.java:21)\r\n\tat tests.AllTests.checkingTheOperationOfTheProductPage(AllTests.java:20)\r\n\tat java.base/jdk.internal.reflect.NativeMethodAccessorImpl.invoke0(Native Method)\r\n\tat java.base/jdk.internal.reflect.NativeMethodAccessorImpl.invoke(NativeMethodAccessorImpl.java:77)\r\n\tat java.base/jdk.internal.reflect.DelegatingMethodAccessorImpl.invoke(DelegatingMethodAccessorImpl.java:43)\r\n\tat java.base/java.lang.reflect.Method.invoke(Method.java:568)\r\n\tat org.testng.internal.invokers.MethodInvocationHelper.invokeMethod(MethodInvocationHelper.java:139)\r\n\tat org.testng.internal.invokers.InvokeMethodRunnable.runOne(InvokeMethodRunnable.java:47)\r\n\tat org.testng.internal.invokers.InvokeMethodRunnable.call(InvokeMethodRunnable.java:76)\r\n\tat org.testng.internal.invokers.InvokeMethodRunnable.call(InvokeMethodRunnable.java:11)\r\n\tat java.base/java.util.concurrent.FutureTask.run(FutureTask.java:264)\r\n\tat java.base/java.util.concurrent.ThreadPoolExecutor.runWorker(ThreadPoolExecutor.java:1136)\r\n\tat java.base/java.util.concurrent.ThreadPoolExecutor$Worker.run(ThreadPoolExecutor.java:635)\r\n\tat java.base/java.lang.Thread.run(Thread.java:842)\r\n"},"stage":"finished","steps":[],"attachments":[],"parameters":[{"name":"buttonName","value":"ADD TO CART"}],"start":1716797272077,"stop":1716797272526}],"attachments":[],"parameters":[{"name":"arg1","value":"secret_sauce"},{"name":"arg0","value":"problem_user"}],"start":1716797270253,"stop":1716797272527}